<?xml version="1.0" encoding="UTF-8"?>
<testsuite name="com.phonebook.tests.AddContactTests" tests="1" skipped="0" failures="0" errors="0" timestamp="2024-03-04T17:52:26" hostname="FOGROY" time="1.521">
  <properties/>
  <testcase name="addContactPositiveTest" classname="com.phonebook.tests.AddContactTests" time="1.521"/>
  <system-out><![CDATA[18:52:16.091 [Test worker] INFO  com.phonebook.tests.TestBase -- Start test addContactPositiveTest with data: []
18:52:28.093 [Test worker] INFO  com.phonebook.tests.TestBase -- PASSED: addContactPositiveTest
18:52:28.093 [Test worker] INFO  com.phonebook.tests.TestBase -- Stop test
18:52:28.093 [Test worker] INFO  com.phonebook.tests.TestBase -- *************************************************
]]></system-out>
  <system-err><![CDATA[]]></system-err>
</testsuite>
