<?xml version="1.0" encoding="UTF-8"?>
<testsuite name="com.phonebook.tests.HomePageTests" tests="1" skipped="0" failures="0" errors="0" timestamp="2024-03-04T17:52:14" hostname="FOGROY" time="0.013">
  <properties/>
  <testcase name="isHomeComponentPresentTest" classname="com.phonebook.tests.HomePageTests" time="0.013"/>
  <system-out><![CDATA[18:52:14.824 [Test worker] INFO  com.phonebook.tests.TestBase -- Start test isHomeComponentPresentTest with data: []
18:52:14.867 [Test worker] INFO  com.phonebook.tests.TestBase -- PASSED: isHomeComponentPresentTest
18:52:14.867 [Test worker] INFO  com.phonebook.tests.TestBase -- Stop test
18:52:14.867 [Test worker] INFO  com.phonebook.tests.TestBase -- *************************************************
]]></system-out>
  <system-err><![CDATA[]]></system-err>
</testsuite>
